# JRE version: OpenJDK Runtime Environment (11.0.10) (build 11.0.10+0-b96-7249189)
# Java VM: OpenJDK 64-Bit Server VM (11.0.10+0-b96-7249189, mixed mode, tiered, compressed oops, g1 gc, windows-amd64)
Heap:
 garbage-first heap   total 268288K, used 255881K [0x0000000080000000, 0x0000000100000000)
  region size 1024K, 85 young (87040K), 10 survivors (10240K)
 Metaspace       used 121309K, capacity 124383K, committed 125952K, reserved 1159168K
  class space    used 15057K, capacity 16192K, committed 16896K, reserved 1048576K
GC Heap History (20 events):
Event: 3549.048 GC heap after
{Heap after GC invocations=28 (full 0):
 garbage-first heap   total 267264K, used 126963K [0x0000000080000000, 0x0000000100000000)
  region size 1024K, 4 young (4096K), 4 survivors (4096K)
 Metaspace       used 118609K, capacity 121622K, committed 123648K, reserved 1157120K
  class space    used 14989K, capacity 16123K, committed 16896K, reserved 1048576K
}
Event: 3549.725 GC heap before
{Heap before GC invocations=28 (full 0):
 garbage-first heap   total 267264K, used 137203K [0x0000000080000000, 0x0000000100000000)
  region size 1024K, 13 young (13312K), 4 survivors (4096K)
 Metaspace       used 118696K, capacity 121687K, committed 123904K, reserved 1157120K
  class space    used 14989K, capacity 16123K, committed 16896K, reserved 1048576K
}
Event: 3549.742 GC heap after
{Heap after GC invocations=29 (full 0):
 garbage-first heap   total 267264K, used 112938K [0x0000000080000000, 0x0000000100000000)
  region size 1024K, 2 young (2048K), 2 survivors (2048K)
 Metaspace       used 118696K, capacity 121687K, committed 123904K, reserved 1157120K
  class space    used 14989K, capacity 16123K, committed 16896K, reserved 1048576K
}
Event: 3550.005 GC heap before
{Heap before GC invocations=29 (full 0):
 garbage-first heap   total 267264K, used 124202K [0x0000000080000000, 0x0000000100000000)
  region size 1024K, 13 young (13312K), 2 survivors (2048K)
 Metaspace       used 118712K, capacity 121751K, committed 123904K, reserved 1157120K
  class space    used 14989K, capacity 16123K, committed 16896K, reserved 1048576K
}
Event: 3550.012 GC heap after
{Heap after GC invocations=30 (full 0):
 garbage-first heap   total 267264K, used 114458K [0x0000000080000000, 0x0000000100000000)
  region size 1024K, 2 young (2048K), 2 survivors (2048K)
 Metaspace       used 118712K, capacity 121751K, committed 123904K, reserved 1157120K
  class space    used 14989K, capacity 16123K, committed 16896K, reserved 1048576K
}
Event: 3550.785 GC heap before
{Heap before GC invocations=30 (full 0):
 garbage-first heap   total 267264K, used 193306K [0x0000000080000000, 0x0000000100000000)
  region size 1024K, 80 young (81920K), 2 survivors (2048K)
 Metaspace       used 119457K, capacity 122528K, committed 124672K, reserved 1157120K
  class space    used 15005K, capacity 16140K, committed 16896K, reserved 1048576K
}
Event: 3550.797 GC heap after
{Heap after GC invocations=31 (full 0):
 garbage-first heap   total 267264K, used 124787K [0x0000000080000000, 0x0000000100000000)
  region size 1024K, 11 young (11264K), 11 survivors (11264K)
 Metaspace       used 119457K, capacity 122528K, committed 124672K, reserved 1157120K
  class space    used 15005K, capacity 16140K, committed 16896K, reserved 1048576K
}
Event: 3551.110 GC heap before
{Heap before GC invocations=32 (full 0):
 garbage-first heap   total 267264K, used 207731K [0x0000000080000000, 0x0000000100000000)
  region size 1024K, 89 young (91136K), 11 survivors (11264K)
 Metaspace       used 120189K, capacity 123222K, committed 125184K, reserved 1157120K
  class space    used 15021K, capacity 16156K, committed 16896K, reserved 1048576K
}
Event: 3551.127 GC heap after
{Heap after GC invocations=33 (full 0):
 garbage-first heap   total 267264K, used 135144K [0x0000000080000000, 0x0000000100000000)
  region size 1024K, 11 young (11264K), 11 survivors (11264K)
 Metaspace       used 120189K, capacity 123222K, committed 125184K, reserved 1157120K
  class space    used 15021K, capacity 16156K, committed 16896K, reserved 1048576K
}
Event: 3551.136 GC heap before
{Heap before GC invocations=33 (full 0):
 garbage-first heap   total 267264K, used 136168K [0x0000000080000000, 0x0000000100000000)
  region size 1024K, 13 young (13312K), 11 survivors (11264K)
 Metaspace       used 120189K, capacity 123222K, committed 125184K, reserved 1157120K
  class space    used 15021K, capacity 16156K, committed 16896K, reserved 1048576K
}
Event: 3551.151 GC heap after
{Heap after GC invocations=34 (full 0):
 garbage-first heap   total 267264K, used 131120K [0x0000000080000000, 0x0000000100000000)
  region size 1024K, 2 young (2048K), 2 survivors (2048K)
 Metaspace       used 120189K, capacity 123222K, committed 125184K, reserved 1157120K
  class space    used 15021K, capacity 16156K, committed 16896K, reserved 1048576K
}
Event: 3551.234 GC heap before
{Heap before GC invocations=34 (full 0):
 garbage-first heap   total 267264K, used 146480K [0x0000000080000000, 0x0000000100000000)
  region size 1024K, 19 young (19456K), 2 survivors (2048K)
 Metaspace       used 120303K, capacity 123361K, committed 125184K, reserved 1157120K
  class space    used 15021K, capacity 16156K, committed 16896K, reserved 1048576K
}
Event: 3551.239 GC heap after
{Heap after GC invocations=35 (full 0):
 garbage-first heap   total 267264K, used 132383K [0x0000000080000000, 0x0000000100000000)
  region size 1024K, 3 young (3072K), 3 survivors (3072K)
 Metaspace       used 120303K, capacity 123361K, committed 125184K, reserved 1157120K
  class space    used 15021K, capacity 16156K, committed 16896K, reserved 1048576K
}
Event: 3551.808 GC heap before
{Heap before GC invocations=36 (full 0):
 garbage-first heap   total 267264K, used 207135K [0x0000000080000000, 0x0000000100000000)
  region size 1024K, 73 young (74752K), 3 survivors (3072K)
 Metaspace       used 120895K, capacity 124033K, committed 125696K, reserved 1159168K
  class space    used 15037K, capacity 16175K, committed 16896K, reserved 1048576K
}
Event: 3551.814 GC heap after
{Heap after GC invocations=37 (full 0):
 garbage-first heap   total 267264K, used 132565K [0x0000000080000000, 0x0000000100000000)
  region size 1024K, 2 young (2048K), 2 survivors (2048K)
 Metaspace       used 120895K, capacity 124033K, committed 125696K, reserved 1159168K
  class space    used 15037K, capacity 16175K, committed 16896K, reserved 1048576K
}
Event: 3551.900 GC heap before
{Heap before GC invocations=37 (full 0):
 garbage-first heap   total 267264K, used 143829K [0x0000000080000000, 0x0000000100000000)
  region size 1024K, 13 young (13312K), 2 survivors (2048K)
 Metaspace       used 120927K, capacity 124040K, committed 125696K, reserved 1159168K
  class space    used 15042K, capacity 16177K, committed 16896K, reserved 1048576K
}
Event: 3551.916 GC heap after
{Heap after GC invocations=38 (full 0):
 garbage-first heap   total 267264K, used 119746K [0x0000000080000000, 0x0000000100000000)
  region size 1024K, 1 young (1024K), 1 survivors (1024K)
 Metaspace       used 120927K, capacity 124040K, committed 125696K, reserved 1159168K
  class space    used 15042K, capacity 16177K, committed 16896K, reserved 1048576K
}
Event: 3551.934 GC heap before
{Heap before GC invocations=38 (full 0):
 garbage-first heap   total 267264K, used 121794K [0x0000000080000000, 0x0000000100000000)
  region size 1024K, 5 young (5120K), 1 survivors (1024K)
 Metaspace       used 120929K, capacity 124040K, committed 125696K, reserved 1159168K
  class space    used 15042K, capacity 16177K, committed 16896K, reserved 1048576K
}
Event: 3551.938 GC heap after
{Heap after GC invocations=39 (full 0):
 garbage-first heap   total 267264K, used 119689K [0x0000000080000000, 0x0000000100000000)
  region size 1024K, 1 young (1024K), 1 survivors (1024K)
 Metaspace       used 120929K, capacity 124040K, committed 125696K, reserved 1159168K
  class space    used 15042K, capacity 16177K, committed 16896K, reserved 1048576K
}
Event: 3638.881 GC heap before
{Heap before GC invocations=40 (full 0):
 garbage-first heap   total 267264K, used 254857K [0x0000000080000000, 0x0000000100000000)
  region size 1024K, 76 young (77824K), 1 survivors (1024K)
 Metaspace       used 121309K, capacity 124383K, committed 125952K, reserved 1159168K
  class space    used 15057K, capacity 16192K, committed 16896K, reserved 1048576K
}

